0 info it worked if it ends with ok
1 verbose cli [ '/Users/student/.nvm/versions/node/v6.11.3/bin/node',
1 verbose cli   '/Users/student/.nvm/versions/node/v6.11.3/bin/npm',
1 verbose cli   'run',
1 verbose cli   'test' ]
2 info using npm@3.10.10
3 info using node@v6.11.3
4 verbose run-script [ 'pretest', 'test', 'posttest' ]
5 info lifecycle shortly-express@1.1.0~pretest: shortly-express@1.1.0
6 silly lifecycle shortly-express@1.1.0~pretest: no script for pretest, continuing
7 info lifecycle shortly-express@1.1.0~test: shortly-express@1.1.0
8 verbose lifecycle shortly-express@1.1.0~test: unsafe-perm in lifecycle true
9 verbose lifecycle shortly-express@1.1.0~test: PATH: /Users/student/.nvm/versions/node/v6.11.3/lib/node_modules/npm/bin/node-gyp-bin:/Users/student/Desktop/hrsf122-shortly-express/node_modules/.bin:/Users/student/.nvm/versions/node/v6.11.3/bin:/usr/local/opt/sqlite/bin:/usr/local/bin:/usr/bin:/bin:/usr/sbin:/sbin
10 verbose lifecycle shortly-express@1.1.0~test: CWD: /Users/student/Desktop/hrsf122-shortly-express
11 silly lifecycle shortly-express@1.1.0~test: Args: [ '-c',
11 silly lifecycle   'mocha --bail --reporter nyan test/ServerSpec.js; pkill -n node;' ]
12 silly lifecycle shortly-express@1.1.0~test: Returned: code: 1  signal: null
13 info lifecycle shortly-express@1.1.0~test: Failed to exec test script
14 verbose stack Error: shortly-express@1.1.0 test: `mocha --bail --reporter nyan test/ServerSpec.js; pkill -n node;`
14 verbose stack Exit status 1
14 verbose stack     at EventEmitter.<anonymous> (/Users/student/.nvm/versions/node/v6.11.3/lib/node_modules/npm/lib/utils/lifecycle.js:255:16)
14 verbose stack     at emitTwo (events.js:106:13)
14 verbose stack     at EventEmitter.emit (events.js:191:7)
14 verbose stack     at ChildProcess.<anonymous> (/Users/student/.nvm/versions/node/v6.11.3/lib/node_modules/npm/lib/utils/spawn.js:40:14)
14 verbose stack     at emitTwo (events.js:106:13)
14 verbose stack     at ChildProcess.emit (events.js:191:7)
14 verbose stack     at maybeClose (internal/child_process.js:920:16)
14 verbose stack     at Process.ChildProcess._handle.onexit (internal/child_process.js:230:5)
15 verbose pkgid shortly-express@1.1.0
16 verbose cwd /Users/student/Desktop/hrsf122-shortly-express
17 error Darwin 16.7.0
18 error argv "/Users/student/.nvm/versions/node/v6.11.3/bin/node" "/Users/student/.nvm/versions/node/v6.11.3/bin/npm" "run" "test"
19 error node v6.11.3
20 error npm  v3.10.10
21 error code ELIFECYCLE
22 error shortly-express@1.1.0 test: `mocha --bail --reporter nyan test/ServerSpec.js; pkill -n node;`
22 error Exit status 1
23 error Failed at the shortly-express@1.1.0 test script 'mocha --bail --reporter nyan test/ServerSpec.js; pkill -n node;'.
23 error Make sure you have the latest version of node.js and npm installed.
23 error If you do, this is most likely a problem with the shortly-express package,
23 error not with npm itself.
23 error Tell the author that this fails on your system:
23 error     mocha --bail --reporter nyan test/ServerSpec.js; pkill -n node;
23 error You can get information on how to open an issue for this project with:
23 error     npm bugs shortly-express
23 error Or if that isn't available, you can get their info via:
23 error     npm owner ls shortly-express
23 error There is likely additional logging output above.
24 verbose exit [ 1, true ]
